{
  "0 debug pnpm:scope": {
    "selected": 1
  },
  "1 error pnpm": {
    "code": "ELIFECYCLE",
    "errno": "ENOENT",
    "syscall": "spawn",
    "file": "sh",
    "pkgid": "upagri@0.0.1",
    "stage": "dev",
    "script": "astro dev",
    "pkgname": "upagri",
    "err": {
      "name": "pnpm",
      "message": "upagri@0.0.1 dev: `astro dev`\nspawn ENOENT",
      "code": "ELIFECYCLE",
      "stack": "pnpm: upagri@0.0.1 dev: `astro dev`\nspawn ENOENT\n    at ChildProcess.<anonymous> (/home/rnd/.local/share/pnpm/global/5/.pnpm/pnpm@7.4.1/node_modules/pnpm/dist/pnpm.cjs:95159:22)\n    at ChildProcess.emit (node:events:526:28)\n    at maybeClose (node:internal/child_process:1092:16)\n    at Process.ChildProcess._handle.onexit (node:internal/child_process:302:5)"
    }
  },
  "2 warn pnpm:global": " Local package.json exists, but node_modules missing, did you mean to install?"
}